<?xml version="1.0" encoding="UTF-8"?>
<!-- Generated by org.testng.reporters.JUnitReportReporter -->
<testsuite hostname="DESKTOP-80I711D" failures="0" tests="1" name="com.crm.sdet.Product.CreateProductTest" time="13.499" errors="0" timestamp="2022-08-11T17:33:15 IST" skipped="0">
  <testcase classname="com.crm.sdet.Product.CreateProductTest" name="createProduct" time="13.499"/>
  <system-out/>
</testsuite> <!-- com.crm.sdet.Product.CreateProductTest -->
