<?xml version="1.0" encoding="UTF-8"?>
<!-- Generated by org.testng.reporters.JUnitReportReporter -->
<testsuite hostname="DESKTOP-80I711D" failures="0" tests="1" name="com.crm.sdet.Cmpaign.CreateCampaignANDproductTest" time="28.525" errors="0" timestamp="2022-08-11T17:40:22 IST" skipped="0">
  <testcase classname="com.crm.sdet.Cmpaign.CreateCampaignANDproductTest" name="createCamaignAndProduct" time="28.525"/>
  <system-out/>
</testsuite> <!-- com.crm.sdet.Cmpaign.CreateCampaignANDproductTest -->
