<?xml version="1.0" encoding="UTF-8"?>
<!-- Generated by org.testng.reporters.JUnitReportReporter -->
<testsuite hostname="DESKTOP-80I711D" failures="0" tests="1" name="com.crm.sdet.Organization.CreateOrgnizationTest" time="20.553" errors="0" timestamp="2022-08-11T17:40:22 IST" skipped="0">
  <testcase classname="com.crm.sdet.Organization.CreateOrgnizationTest" name="createOrganization" time="20.553"/>
  <system-out/>
</testsuite> <!-- com.crm.sdet.Organization.CreateOrgnizationTest -->
