<?xml version="1.0" encoding="UTF-8"?>
<!-- Generated by org.testng.reporters.JUnitReportReporter -->
<testsuite hostname="DESKTOP-80I711D" failures="0" tests="3" name="Practice.sample_Testng" time="0.005" errors="0" timestamp="2022-08-03T14:48:54 IST" skipped="0">
  <testcase classname="Practice.sample_Testng" name="modifyContact" time="0.005"/>
  <system-out/>
  <testcase classname="Practice.sample_Testng" name="createContact" time="0.000"/>
  <system-out/>
  <testcase classname="Practice.sample_Testng" name="deleteContact" time="0.000"/>
  <system-out/>
</testsuite> <!-- Practice.sample_Testng -->
