<?xml version="1.0" encoding="UTF-8"?>
<!-- Generated by org.testng.reporters.JUnitReportReporter -->
<testsuite hostname="DESKTOP-80I711D" failures="0" tests="1" name="com.crm.sdet.Product.CreateProductANDdeleteProduct" time="18.015" errors="0" timestamp="2022-08-09T11:58:39 IST" skipped="0">
  <testcase classname="com.crm.sdet.Product.CreateProductANDdeleteProduct" name="createProductAndDeleteProduct" time="18.015"/>
  <system-out/>
</testsuite> <!-- com.crm.sdet.Product.CreateProductANDdeleteProduct -->
