<?xml version="1.0" encoding="UTF-8"?>
<!-- Generated by org.testng.reporters.JUnitReportReporter -->
<testsuite hostname="DESKTOP-80I711D" failures="0" tests="1" name="Practice.demo" time="0.007" errors="0" timestamp="2022-08-08T12:58:34 IST" skipped="0">
  <testcase classname="Practice.demo" name="createContact" time="0.007"/>
  <system-out/>
</testsuite> <!-- Practice.demo -->
