<?xml version="1.0" encoding="UTF-8"?>
<!-- Generated by org.testng.reporters.JUnitReportReporter -->
<testsuite hostname="DESKTOP-80I711D" failures="0" tests="1" name="Practice.Screenshot_practice$Screenshotofhome" time="6.569" errors="0" timestamp="2022-08-09T12:07:56 IST" skipped="0">
  <testcase classname="Practice.Screenshot_practice$Screenshotofhome" name="screen" time="6.569"/>
  <system-out/>
</testsuite> <!-- Practice.Screenshot_practice$Screenshotofhome -->
