<?xml version="1.0" encoding="UTF-8"?>
<!-- Generated by org.testng.reporters.JUnitReportReporter -->
<testsuite hostname="DESKTOP-80I711D" failures="0" tests="1" name="com.crm.sdet.Cmpaign.CreateCampaignTest" time="19.404" errors="0" timestamp="2022-08-11T17:40:22 IST" skipped="0">
  <testcase classname="com.crm.sdet.Cmpaign.CreateCampaignTest" name="createCampaign" time="19.404"/>
  <system-out/>
</testsuite> <!-- com.crm.sdet.Cmpaign.CreateCampaignTest -->
