<?xml version="1.0" encoding="UTF-8"?>
<!-- Generated by org.testng.reporters.JUnitReportReporter -->
<testsuite hostname="DESKTOP-80I711D" failures="0" tests="1" name="com.crm.sdet.Product.CreateProductANDdeleteProductTest" time="17.132" errors="0" timestamp="2022-08-11T17:37:12 IST" skipped="0">
  <testcase classname="com.crm.sdet.Product.CreateProductANDdeleteProductTest" name="createProductAndDeleteProduct" time="17.132"/>
  <system-out/>
</testsuite> <!-- com.crm.sdet.Product.CreateProductANDdeleteProductTest -->
