<?xml version="1.0" encoding="UTF-8"?>
<!-- Generated by org.testng.reporters.JUnitReportReporter -->
<testsuite hostname="DESKTOP-80I711D" failures="0" tests="5" name="Practice.DataProviterTest" time="0.006" errors="0" timestamp="2022-08-03T15:25:43 IST" skipped="0">
  <testcase classname="Practice.DataProviterTest" name="bookTicket" time="0.001"/>
  <system-out/>
  <testcase classname="Practice.DataProviterTest" name="bookTicket" time="0.000"/>
  <system-out/>
  <testcase classname="Practice.DataProviterTest" name="bookTicket" time="0.000"/>
  <system-out/>
  <testcase classname="Practice.DataProviterTest" name="bookTicket" time="0.001"/>
  <system-out/>
  <testcase classname="Practice.DataProviterTest" name="bookTicket" time="0.004"/>
  <system-out/>
</testsuite> <!-- Practice.DataProviterTest -->
