<?xml version="1.0" encoding="UTF-8"?>
<!-- Generated by org.testng.reporters.JUnitReportReporter -->
<testsuite hostname="DESKTOP-80I711D" failures="0" tests="1" name="com.crm.sdet.Cmpaign.CreateCampaignANDproduct" time="33.447" errors="0" timestamp="2022-08-09T12:21:09 IST" skipped="0">
  <testcase classname="com.crm.sdet.Cmpaign.CreateCampaignANDproduct" name="createCamaignAndProduct" time="33.447"/>
  <system-out/>
</testsuite> <!-- com.crm.sdet.Cmpaign.CreateCampaignANDproduct -->
